<?xml version="1.0" encoding="UTF-8"?>
<testng-results ignored="0" total="1" passed="1" failed="0" skipped="0">
  <reporter-output>
  </reporter-output>
  <suite started-at="2023-12-09T13:19:43 IST" name="Default suite" finished-at="2023-12-09T13:20:54 IST" duration-ms="70578">
    <groups>
    </groups>
    <test started-at="2023-12-09T13:19:43 IST" name="Default test" finished-at="2023-12-09T13:20:54 IST" duration-ms="70578">
      <class name="Practice.CreateContactTest">
        <test-method signature="mTest()[pri:0, instance:Practice.CreateContactTest@6bd61f98]" started-at="2023-12-09T13:19:44 IST" name="mTest" finished-at="2023-12-09T13:20:53 IST" duration-ms="69059" status="PASS">
          <reporter-output>
          </reporter-output>
        </test-method> <!-- mTest -->
      </class> <!-- Practice.CreateContactTest -->
    </test> <!-- Default test -->
  </suite> <!-- Default suite -->
</testng-results>
